# JRE version: OpenJDK Runtime Environment Temurin-21.0.9+10 (21.0.9+10) (build 21.0.9+10-LTS)
# Java VM: OpenJDK 64-Bit Server VM Temurin-21.0.9+10 (21.0.9+10-LTS, mixed mode, sharing, tiered, compressed oops, compressed class ptrs, parallel gc, windows-amd64)
GC Precious Log:
 CardTable entry size: 512
 CPUs: 16 total, 16 available
 Memory: 16088M
 Large Page Support: Disabled
 NUMA Support: Disabled
 Compressed Oops: Enabled (32-bit)
 Alignments: Space 512K, Generation 512K, Heap 2M
 Heap Min Capacity: 100M
 Heap Initial Capacity: 100M
 Heap Max Capacity: 2G
 Pre-touch: Disabled
 Parallel Workers: 13
Heap:
 PSYoungGen      total 5632K, used 4203K [0x00000000d5580000, 0x00000000d5c00000, 0x0000000100000000)
  eden space 4608K, 73% used [0x00000000d5580000,0x00000000d58cb9e8,0x00000000d5a00000)
  from space 1024K, 80% used [0x00000000d5a80000,0x00000000d5b4f278,0x00000000d5b80000)
  to   space 512K, 0% used [0x00000000d5b80000,0x00000000d5b80000,0x00000000d5c00000)
 ParOldGen       total 966144K, used 966065K [0x0000000080000000, 0x00000000baf80000, 0x00000000d5580000)
  object space 966144K, 99% used [0x0000000080000000,0x00000000baf6c6a0,0x00000000baf80000)
 Metaspace       used 91941K, committed 93760K, reserved 1179648K
  class space    used 11397K, committed 12224K, reserved 1048576K
GC Heap History (20 events):
Event: 119.833 GC heap after
{Heap after GC invocations=1610 (full 3):
 PSYoungGen      total 5120K, used 384K [0x00000000d5580000, 0x00000000d5b80000, 0x0000000100000000)
  eden space 4608K, 0% used [0x00000000d5580000,0x00000000d5580000,0x00000000d5a00000)
  from space 512K, 75% used [0x00000000d5a80000,0x00000000d5ae0000,0x00000000d5b00000)
  to   space 512K, 0% used [0x00000000d5b00000,0x00000000d5b00000,0x00000000d5b80000)
 ParOldGen       total 963584K, used 963113K [0x0000000080000000, 0x00000000bad00000, 0x00000000d5580000)
  object space 963584K, 99% used [0x0000000080000000,0x00000000bac8a530,0x00000000bad00000)
 Metaspace       used 88705K, committed 90368K, reserved 1179648K
  class space    used 10976K, committed 11712K, reserved 1048576K
}
Event: 119.860 GC heap before
{Heap before GC invocations=1611 (full 3):
 PSYoungGen      total 5120K, used 4992K [0x00000000d5580000, 0x00000000d5b80000, 0x0000000100000000)
  eden space 4608K, 100% used [0x00000000d5580000,0x00000000d5a00000,0x00000000d5a00000)
  from space 512K, 75% used [0x00000000d5a80000,0x00000000d5ae0000,0x00000000d5b00000)
  to   space 512K, 0% used [0x00000000d5b00000,0x00000000d5b00000,0x00000000d5b80000)
 ParOldGen       total 963584K, used 963113K [0x0000000080000000, 0x00000000bad00000, 0x00000000d5580000)
  object space 963584K, 99% used [0x0000000080000000,0x00000000bac8a530,0x00000000bad00000)
 Metaspace       used 89151K, committed 90880K, reserved 1179648K
  class space    used 11060K, committed 11840K, reserved 1048576K
}
Event: 119.862 GC heap after
{Heap after GC invocations=1611 (full 3):
 PSYoungGen      total 5120K, used 352K [0x00000000d5580000, 0x00000000d5b80000, 0x0000000100000000)
  eden space 4608K, 0% used [0x00000000d5580000,0x00000000d5580000,0x00000000d5a00000)
  from space 512K, 68% used [0x00000000d5b00000,0x00000000d5b58000,0x00000000d5b80000)
  to   space 512K, 0% used [0x00000000d5a80000,0x00000000d5a80000,0x00000000d5b00000)
 ParOldGen       total 963584K, used 963257K [0x0000000080000000, 0x00000000bad00000, 0x00000000d5580000)
  object space 963584K, 99% used [0x0000000080000000,0x00000000bacae530,0x00000000bad00000)
 Metaspace       used 89151K, committed 90880K, reserved 1179648K
  class space    used 11060K, committed 11840K, reserved 1048576K
}
Event: 120.026 GC heap before
{Heap before GC invocations=1612 (full 3):
 PSYoungGen      total 5120K, used 4960K [0x00000000d5580000, 0x00000000d5b80000, 0x0000000100000000)
  eden space 4608K, 100% used [0x00000000d5580000,0x00000000d5a00000,0x00000000d5a00000)
  from space 512K, 68% used [0x00000000d5b00000,0x00000000d5b58000,0x00000000d5b80000)
  to   space 512K, 0% used [0x00000000d5a80000,0x00000000d5a80000,0x00000000d5b00000)
 ParOldGen       total 963584K, used 963257K [0x0000000080000000, 0x00000000bad00000, 0x00000000d5580000)
  object space 963584K, 99% used [0x0000000080000000,0x00000000bacae530,0x00000000bad00000)
 Metaspace       used 89738K, committed 91456K, reserved 1179648K
  class space    used 11141K, committed 11904K, reserved 1048576K
}
Event: 120.028 GC heap after
{Heap after GC invocations=1612 (full 3):
 PSYoungGen      total 5120K, used 352K [0x00000000d5580000, 0x00000000d5b80000, 0x0000000100000000)
  eden space 4608K, 0% used [0x00000000d5580000,0x00000000d5580000,0x00000000d5a00000)
  from space 512K, 68% used [0x00000000d5a80000,0x00000000d5ad8000,0x00000000d5b00000)
  to   space 512K, 0% used [0x00000000d5b00000,0x00000000d5b00000,0x00000000d5b80000)
 ParOldGen       total 963584K, used 963385K [0x0000000080000000, 0x00000000bad00000, 0x00000000d5580000)
  object space 963584K, 99% used [0x0000000080000000,0x00000000bacce530,0x00000000bad00000)
 Metaspace       used 89738K, committed 91456K, reserved 1179648K
  class space    used 11141K, committed 11904K, reserved 1048576K
}
Event: 120.212 GC heap before
{Heap before GC invocations=1613 (full 3):
 PSYoungGen      total 5120K, used 4960K [0x00000000d5580000, 0x00000000d5b80000, 0x0000000100000000)
  eden space 4608K, 100% used [0x00000000d5580000,0x00000000d5a00000,0x00000000d5a00000)
  from space 512K, 68% used [0x00000000d5a80000,0x00000000d5ad8000,0x00000000d5b00000)
  to   space 512K, 0% used [0x00000000d5b00000,0x00000000d5b00000,0x00000000d5b80000)
 ParOldGen       total 963584K, used 963385K [0x0000000080000000, 0x00000000bad00000, 0x00000000d5580000)
  object space 963584K, 99% used [0x0000000080000000,0x00000000bacce530,0x00000000bad00000)
 Metaspace       used 90127K, committed 91904K, reserved 1179648K
  class space    used 11189K, committed 11968K, reserved 1048576K
}
Event: 120.215 GC heap after
{Heap after GC invocations=1613 (full 3):
 PSYoungGen      total 5120K, used 384K [0x00000000d5580000, 0x00000000d5b80000, 0x0000000100000000)
  eden space 4608K, 0% used [0x00000000d5580000,0x00000000d5580000,0x00000000d5a00000)
  from space 512K, 75% used [0x00000000d5b00000,0x00000000d5b60000,0x00000000d5b80000)
  to   space 512K, 0% used [0x00000000d5a80000,0x00000000d5a80000,0x00000000d5b00000)
 ParOldGen       total 963584K, used 963529K [0x0000000080000000, 0x00000000bad00000, 0x00000000d5580000)
  object space 963584K, 99% used [0x0000000080000000,0x00000000bacf2530,0x00000000bad00000)
 Metaspace       used 90127K, committed 91904K, reserved 1179648K
  class space    used 11189K, committed 11968K, reserved 1048576K
}
Event: 120.477 GC heap before
{Heap before GC invocations=1614 (full 3):
 PSYoungGen      total 5120K, used 4992K [0x00000000d5580000, 0x00000000d5b80000, 0x0000000100000000)
  eden space 4608K, 100% used [0x00000000d5580000,0x00000000d5a00000,0x00000000d5a00000)
  from space 512K, 75% used [0x00000000d5b00000,0x00000000d5b60000,0x00000000d5b80000)
  to   space 512K, 0% used [0x00000000d5a80000,0x00000000d5a80000,0x00000000d5b00000)
 ParOldGen       total 963584K, used 963529K [0x0000000080000000, 0x00000000bad00000, 0x00000000d5580000)
  object space 963584K, 99% used [0x0000000080000000,0x00000000bacf2530,0x00000000bad00000)
 Metaspace       used 90262K, committed 92032K, reserved 1179648K
  class space    used 11204K, committed 11968K, reserved 1048576K
}
Event: 120.480 GC heap after
{Heap after GC invocations=1614 (full 3):
 PSYoungGen      total 5120K, used 448K [0x00000000d5580000, 0x00000000d5b80000, 0x0000000100000000)
  eden space 4608K, 0% used [0x00000000d5580000,0x00000000d5580000,0x00000000d5a00000)
  from space 512K, 87% used [0x00000000d5a80000,0x00000000d5af0000,0x00000000d5b00000)
  to   space 512K, 0% used [0x00000000d5b00000,0x00000000d5b00000,0x00000000d5b80000)
 ParOldGen       total 965120K, used 964430K [0x0000000080000000, 0x00000000bae80000, 0x00000000d5580000)
  object space 965120K, 99% used [0x0000000080000000,0x00000000badd3a40,0x00000000bae80000)
 Metaspace       used 90262K, committed 92032K, reserved 1179648K
  class space    used 11204K, committed 11968K, reserved 1048576K
}
Event: 120.656 GC heap before
{Heap before GC invocations=1615 (full 3):
 PSYoungGen      total 5120K, used 5056K [0x00000000d5580000, 0x00000000d5b80000, 0x0000000100000000)
  eden space 4608K, 100% used [0x00000000d5580000,0x00000000d5a00000,0x00000000d5a00000)
  from space 512K, 87% used [0x00000000d5a80000,0x00000000d5af0000,0x00000000d5b00000)
  to   space 512K, 0% used [0x00000000d5b00000,0x00000000d5b00000,0x00000000d5b80000)
 ParOldGen       total 965120K, used 964430K [0x0000000080000000, 0x00000000bae80000, 0x00000000d5580000)
  object space 965120K, 99% used [0x0000000080000000,0x00000000badd3a40,0x00000000bae80000)
 Metaspace       used 90428K, committed 92160K, reserved 1179648K
  class space    used 11223K, committed 11968K, reserved 1048576K
}
Event: 120.658 GC heap after
{Heap after GC invocations=1615 (full 3):
 PSYoungGen      total 5120K, used 352K [0x00000000d5580000, 0x00000000d5b80000, 0x0000000100000000)
  eden space 4608K, 0% used [0x00000000d5580000,0x00000000d5580000,0x00000000d5a00000)
  from space 512K, 68% used [0x00000000d5b00000,0x00000000d5b58000,0x00000000d5b80000)
  to   space 512K, 0% used [0x00000000d5a80000,0x00000000d5a80000,0x00000000d5b00000)
 ParOldGen       total 965120K, used 964646K [0x0000000080000000, 0x00000000bae80000, 0x00000000d5580000)
  object space 965120K, 99% used [0x0000000080000000,0x00000000bae09a40,0x00000000bae80000)
 Metaspace       used 90428K, committed 92160K, reserved 1179648K
  class space    used 11223K, committed 11968K, reserved 1048576K
}
Event: 120.772 GC heap before
{Heap before GC invocations=1616 (full 3):
 PSYoungGen      total 5120K, used 4960K [0x00000000d5580000, 0x00000000d5b80000, 0x0000000100000000)
  eden space 4608K, 100% used [0x00000000d5580000,0x00000000d5a00000,0x00000000d5a00000)
  from space 512K, 68% used [0x00000000d5b00000,0x00000000d5b58000,0x00000000d5b80000)
  to   space 512K, 0% used [0x00000000d5a80000,0x00000000d5a80000,0x00000000d5b00000)
 ParOldGen       total 965120K, used 964646K [0x0000000080000000, 0x00000000bae80000, 0x00000000d5580000)
  object space 965120K, 99% used [0x0000000080000000,0x00000000bae09a40,0x00000000bae80000)
 Metaspace       used 90444K, committed 92160K, reserved 1179648K
  class space    used 11225K, committed 11968K, reserved 1048576K
}
Event: 120.774 GC heap after
{Heap after GC invocations=1616 (full 3):
 PSYoungGen      total 5120K, used 320K [0x00000000d5580000, 0x00000000d5b80000, 0x0000000100000000)
  eden space 4608K, 0% used [0x00000000d5580000,0x00000000d5580000,0x00000000d5a00000)
  from space 512K, 62% used [0x00000000d5a80000,0x00000000d5ad0000,0x00000000d5b00000)
  to   space 512K, 0% used [0x00000000d5b00000,0x00000000d5b00000,0x00000000d5b80000)
 ParOldGen       total 965120K, used 964760K [0x0000000080000000, 0x00000000bae80000, 0x00000000d5580000)
  object space 965120K, 99% used [0x0000000080000000,0x00000000bae26310,0x00000000bae80000)
 Metaspace       used 90444K, committed 92160K, reserved 1179648K
  class space    used 11225K, committed 11968K, reserved 1048576K
}
Event: 120.838 GC heap before
{Heap before GC invocations=1617 (full 3):
 PSYoungGen      total 5120K, used 4927K [0x00000000d5580000, 0x00000000d5b80000, 0x0000000100000000)
  eden space 4608K, 99% used [0x00000000d5580000,0x00000000d59fff30,0x00000000d5a00000)
  from space 512K, 62% used [0x00000000d5a80000,0x00000000d5ad0000,0x00000000d5b00000)
  to   space 512K, 0% used [0x00000000d5b00000,0x00000000d5b00000,0x00000000d5b80000)
 ParOldGen       total 965120K, used 964760K [0x0000000080000000, 0x00000000bae80000, 0x00000000d5580000)
  object space 965120K, 99% used [0x0000000080000000,0x00000000bae26310,0x00000000bae80000)
 Metaspace       used 90714K, committed 92416K, reserved 1179648K
  class space    used 11255K, committed 12032K, reserved 1048576K
}
Event: 120.840 GC heap after
{Heap after GC invocations=1617 (full 3):
 PSYoungGen      total 5120K, used 448K [0x00000000d5580000, 0x00000000d5b80000, 0x0000000100000000)
  eden space 4608K, 0% used [0x00000000d5580000,0x00000000d5580000,0x00000000d5a00000)
  from space 512K, 87% used [0x00000000d5b00000,0x00000000d5b70000,0x00000000d5b80000)
  to   space 512K, 0% used [0x00000000d5a80000,0x00000000d5a80000,0x00000000d5b00000)
 ParOldGen       total 965120K, used 964832K [0x0000000080000000, 0x00000000bae80000, 0x00000000d5580000)
  object space 965120K, 99% used [0x0000000080000000,0x00000000bae38310,0x00000000bae80000)
 Metaspace       used 90714K, committed 92416K, reserved 1179648K
  class space    used 11255K, committed 12032K, reserved 1048576K
}
Event: 120.876 GC heap before
{Heap before GC invocations=1618 (full 3):
 PSYoungGen      total 5120K, used 5052K [0x00000000d5580000, 0x00000000d5b80000, 0x0000000100000000)
  eden space 4608K, 99% used [0x00000000d5580000,0x00000000d59ff280,0x00000000d5a00000)
  from space 512K, 87% used [0x00000000d5b00000,0x00000000d5b70000,0x00000000d5b80000)
  to   space 512K, 0% used [0x00000000d5a80000,0x00000000d5a80000,0x00000000d5b00000)
 ParOldGen       total 965120K, used 964832K [0x0000000080000000, 0x00000000bae80000, 0x00000000d5580000)
  object space 965120K, 99% used [0x0000000080000000,0x00000000bae38310,0x00000000bae80000)
 Metaspace       used 90953K, committed 92736K, reserved 1179648K
  class space    used 11286K, committed 12032K, reserved 1048576K
}
Event: 120.878 GC heap after
{Heap after GC invocations=1618 (full 3):
 PSYoungGen      total 5120K, used 507K [0x00000000d5580000, 0x00000000d5d00000, 0x0000000100000000)
  eden space 4608K, 0% used [0x00000000d5580000,0x00000000d5580000,0x00000000d5a00000)
  from space 512K, 99% used [0x00000000d5a80000,0x00000000d5afeec8,0x00000000d5b00000)
  to   space 1536K, 0% used [0x00000000d5b80000,0x00000000d5b80000,0x00000000d5d00000)
 ParOldGen       total 965632K, used 965334K [0x0000000080000000, 0x00000000baf00000, 0x00000000d5580000)
  object space 965632K, 99% used [0x0000000080000000,0x00000000baeb5a38,0x00000000baf00000)
 Metaspace       used 90953K, committed 92736K, reserved 1179648K
  class space    used 11286K, committed 12032K, reserved 1048576K
}
Event: 120.922 GC heap before
{Heap before GC invocations=1619 (full 3):
 PSYoungGen      total 5120K, used 5115K [0x00000000d5580000, 0x00000000d5d00000, 0x0000000100000000)
  eden space 4608K, 100% used [0x00000000d5580000,0x00000000d5a00000,0x00000000d5a00000)
  from space 512K, 99% used [0x00000000d5a80000,0x00000000d5afeec8,0x00000000d5b00000)
  to   space 1536K, 0% used [0x00000000d5b80000,0x00000000d5b80000,0x00000000d5d00000)
 ParOldGen       total 965632K, used 965334K [0x0000000080000000, 0x00000000baf00000, 0x00000000d5580000)
  object space 965632K, 99% used [0x0000000080000000,0x00000000baeb5a38,0x00000000baf00000)
 Metaspace       used 91314K, committed 93056K, reserved 1179648K
  class space    used 11332K, committed 12096K, reserved 1048576K
}
Event: 120.924 GC heap after
{Heap after GC invocations=1619 (full 3):
 PSYoungGen      total 5632K, used 649K [0x00000000d5580000, 0x00000000d5c80000, 0x0000000100000000)
  eden space 4608K, 0% used [0x00000000d5580000,0x00000000d5580000,0x00000000d5a00000)
  from space 1024K, 63% used [0x00000000d5b80000,0x00000000d5c226a0,0x00000000d5c80000)
  to   space 1024K, 0% used [0x00000000d5a80000,0x00000000d5a80000,0x00000000d5b80000)
 ParOldGen       total 966144K, used 965744K [0x0000000080000000, 0x00000000baf80000, 0x00000000d5580000)
  object space 966144K, 99% used [0x0000000080000000,0x00000000baf1c000,0x00000000baf80000)
 Metaspace       used 91314K, committed 93056K, reserved 1179648K
  class space    used 11332K, committed 12096K, reserved 1048576K
}
Event: 121.002 GC heap before
{Heap before GC invocations=1620 (full 3):
 PSYoungGen      total 5632K, used 5244K [0x00000000d5580000, 0x00000000d5c80000, 0x0000000100000000)
  eden space 4608K, 99% used [0x00000000d5580000,0x00000000d59fcc50,0x00000000d5a00000)
  from space 1024K, 63% used [0x00000000d5b80000,0x00000000d5c226a0,0x00000000d5c80000)
  to   space 1024K, 0% used [0x00000000d5a80000,0x00000000d5a80000,0x00000000d5b80000)
 ParOldGen       total 966144K, used 965744K [0x0000000080000000, 0x00000000baf80000, 0x00000000d5580000)
  object space 966144K, 99% used [0x0000000080000000,0x00000000baf1c000,0x00000000baf80000)
 Metaspace       used 91609K, committed 93376K, reserved 1179648K
  class space    used 11363K, committed 12160K, reserved 1048576K
}

