# JRE version: OpenJDK Runtime Environment Temurin-21.0.8+9 (21.0.8+9) (build 21.0.8+9-LTS)
# Java VM: OpenJDK 64-Bit Server VM Temurin-21.0.8+9 (21.0.8+9-LTS, mixed mode, sharing, tiered, compressed oops, compressed class ptrs, g1 gc, windows-amd64)
GC Precious Log:
 CardTable entry size: 512
 Card Set container configuration: InlinePtr #cards 4 size 8 Array Of Cards #cards 32 size 80 Howl #buckets 8 coarsen threshold 7372 Howl Bitmap #cards 1024 size 144 coarsen threshold 921 Card regions per heap region 1 cards per card region 8192
 CPUs: 16 total, 16 available
 Memory: 16088M
 Large Page Support: Disabled
 NUMA Support: Disabled
 Compressed Oops: Enabled (Zero based)
 Heap Region Size: 4M
 Heap Min Capacity: 8M
 Heap Initial Capacity: 252M
 Heap Max Capacity: 8G
 Pre-touch: Disabled
 Parallel Workers: 13
 Concurrent Workers: 3
 Concurrent Refinement Workers: 13
 Periodic GC: Disabled
Heap:
 garbage-first heap   total 344064K, used 238424K [0x0000000600000000, 0x0000000800000000)
  region size 4096K, 8 young (32768K), 4 survivors (16384K)
 Metaspace       used 127145K, committed 129792K, reserved 1179648K
  class space    used 17879K, committed 19136K, reserved 1048576K
GC Heap History (20 events):
Event: 29.268 GC heap before
{Heap before GC invocations=49 (full 0):
 garbage-first heap   total 258048K, used 224453K [0x0000000600000000, 0x0000000800000000)
  region size 4096K, 19 young (77824K), 2 survivors (8192K)
 Metaspace       used 114088K, committed 116608K, reserved 1179648K
  class space    used 16133K, committed 17344K, reserved 1048576K
}
Event: 29.273 GC heap after
{Heap after GC invocations=50 (full 0):
 garbage-first heap   total 258048K, used 160092K [0x0000000600000000, 0x0000000800000000)
  region size 4096K, 2 young (8192K), 2 survivors (8192K)
 Metaspace       used 114088K, committed 116608K, reserved 1179648K
  class space    used 16133K, committed 17344K, reserved 1048576K
}
Event: 29.900 GC heap before
{Heap before GC invocations=51 (full 0):
 garbage-first heap   total 274432K, used 225628K [0x0000000600000000, 0x0000000800000000)
  region size 4096K, 19 young (77824K), 2 survivors (8192K)
 Metaspace       used 114367K, committed 116864K, reserved 1179648K
  class space    used 16180K, committed 17408K, reserved 1048576K
}
Event: 29.906 GC heap after
{Heap after GC invocations=52 (full 0):
 garbage-first heap   total 274432K, used 170970K [0x0000000600000000, 0x0000000800000000)
  region size 4096K, 3 young (12288K), 3 survivors (12288K)
 Metaspace       used 114367K, committed 116864K, reserved 1179648K
  class space    used 16180K, committed 17408K, reserved 1048576K
}
Event: 30.321 GC heap before
{Heap before GC invocations=52 (full 0):
 garbage-first heap   total 274432K, used 240602K [0x0000000600000000, 0x0000000800000000)
  region size 4096K, 21 young (86016K), 3 survivors (12288K)
 Metaspace       used 114531K, committed 117120K, reserved 1179648K
  class space    used 16200K, committed 17472K, reserved 1048576K
}
Event: 30.327 GC heap after
{Heap after GC invocations=53 (full 0):
 garbage-first heap   total 274432K, used 176340K [0x0000000600000000, 0x0000000800000000)
  region size 4096K, 3 young (12288K), 3 survivors (12288K)
 Metaspace       used 114531K, committed 117120K, reserved 1179648K
  class space    used 16200K, committed 17472K, reserved 1048576K
}
Event: 31.408 GC heap before
{Heap before GC invocations=53 (full 0):
 garbage-first heap   total 274432K, used 237780K [0x0000000600000000, 0x0000000800000000)
  region size 4096K, 19 young (77824K), 3 survivors (12288K)
 Metaspace       used 116101K, committed 118656K, reserved 1179648K
  class space    used 16415K, committed 17664K, reserved 1048576K
}
Event: 31.415 GC heap after
{Heap after GC invocations=54 (full 0):
 garbage-first heap   total 274432K, used 181809K [0x0000000600000000, 0x0000000800000000)
  region size 4096K, 2 young (8192K), 2 survivors (8192K)
 Metaspace       used 116101K, committed 118656K, reserved 1179648K
  class space    used 16415K, committed 17664K, reserved 1048576K
}
Event: 32.217 GC heap before
{Heap before GC invocations=55 (full 0):
 garbage-first heap   total 307200K, used 243249K [0x0000000600000000, 0x0000000800000000)
  region size 4096K, 17 young (69632K), 2 survivors (8192K)
 Metaspace       used 118860K, committed 121408K, reserved 1179648K
  class space    used 16776K, committed 18048K, reserved 1048576K
}
Event: 32.222 GC heap after
{Heap after GC invocations=56 (full 0):
 garbage-first heap   total 307200K, used 186506K [0x0000000600000000, 0x0000000800000000)
  region size 4096K, 3 young (12288K), 3 survivors (12288K)
 Metaspace       used 118860K, committed 121408K, reserved 1179648K
  class space    used 16776K, committed 18048K, reserved 1048576K
}
Event: 33.309 GC heap before
{Heap before GC invocations=56 (full 0):
 garbage-first heap   total 307200K, used 272522K [0x0000000600000000, 0x0000000800000000)
  region size 4096K, 24 young (98304K), 3 survivors (12288K)
 Metaspace       used 123737K, committed 126272K, reserved 1179648K
  class space    used 17425K, committed 18688K, reserved 1048576K
}
Event: 33.319 GC heap after
{Heap after GC invocations=57 (full 0):
 garbage-first heap   total 307200K, used 190971K [0x0000000600000000, 0x0000000800000000)
  region size 4096K, 3 young (12288K), 3 survivors (12288K)
 Metaspace       used 123737K, committed 126272K, reserved 1179648K
  class space    used 17425K, committed 18688K, reserved 1048576K
}
Event: 34.251 GC heap before
{Heap before GC invocations=57 (full 0):
 garbage-first heap   total 307200K, used 272891K [0x0000000600000000, 0x0000000800000000)
  region size 4096K, 23 young (94208K), 3 survivors (12288K)
 Metaspace       used 125499K, committed 128064K, reserved 1179648K
  class space    used 17664K, committed 18880K, reserved 1048576K
}
Event: 34.260 GC heap after
{Heap after GC invocations=58 (full 0):
 garbage-first heap   total 307200K, used 203380K [0x0000000600000000, 0x0000000800000000)
  region size 4096K, 3 young (12288K), 3 survivors (12288K)
 Metaspace       used 125499K, committed 128064K, reserved 1179648K
  class space    used 17664K, committed 18880K, reserved 1048576K
}
Event: 36.637 GC heap before
{Heap before GC invocations=59 (full 0):
 garbage-first heap   total 344064K, used 268916K [0x0000000600000000, 0x0000000800000000)
  region size 4096K, 20 young (81920K), 3 survivors (12288K)
 Metaspace       used 126581K, committed 129216K, reserved 1179648K
  class space    used 17837K, committed 19136K, reserved 1048576K
}
Event: 36.645 GC heap after
{Heap after GC invocations=60 (full 0):
 garbage-first heap   total 344064K, used 209833K [0x0000000600000000, 0x0000000800000000)
  region size 4096K, 2 young (8192K), 2 survivors (8192K)
 Metaspace       used 126581K, committed 129216K, reserved 1179648K
  class space    used 17837K, committed 19136K, reserved 1048576K
}
Event: 37.469 GC heap before
{Heap before GC invocations=60 (full 0):
 garbage-first heap   total 344064K, used 308137K [0x0000000600000000, 0x0000000800000000)
  region size 4096K, 26 young (106496K), 2 survivors (8192K)
 Metaspace       used 126862K, committed 129472K, reserved 1179648K
  class space    used 17865K, committed 19136K, reserved 1048576K
}
Event: 37.477 GC heap after
{Heap after GC invocations=61 (full 0):
 garbage-first heap   total 344064K, used 215924K [0x0000000600000000, 0x0000000800000000)
  region size 4096K, 4 young (16384K), 4 survivors (16384K)
 Metaspace       used 126862K, committed 129472K, reserved 1179648K
  class space    used 17865K, committed 19136K, reserved 1048576K
}
Event: 38.642 GC heap before
{Heap before GC invocations=61 (full 0):
 garbage-first heap   total 344064K, used 301940K [0x0000000600000000, 0x0000000800000000)
  region size 4096K, 25 young (102400K), 4 survivors (16384K)
 Metaspace       used 127131K, committed 129792K, reserved 1179648K
  class space    used 17879K, committed 19136K, reserved 1048576K
}
Event: 38.652 GC heap after
{Heap after GC invocations=62 (full 0):
 garbage-first heap   total 344064K, used 226136K [0x0000000600000000, 0x0000000800000000)
  region size 4096K, 4 young (16384K), 4 survivors (16384K)
 Metaspace       used 127131K, committed 129792K, reserved 1179648K
  class space    used 17879K, committed 19136K, reserved 1048576K
}

