# JRE version: OpenJDK Runtime Environment Temurin-21.0.8+9 (21.0.8+9) (build 21.0.8+9-LTS)
# Java VM: OpenJDK 64-Bit Server VM Temurin-21.0.8+9 (21.0.8+9-LTS, mixed mode, sharing, tiered, compressed oops, compressed class ptrs, g1 gc, windows-amd64)
GC Precious Log:
 CardTable entry size: 512
 Card Set container configuration: InlinePtr #cards 4 size 8 Array Of Cards #cards 32 size 80 Howl #buckets 8 coarsen threshold 7372 Howl Bitmap #cards 1024 size 144 coarsen threshold 921 Card regions per heap region 1 cards per card region 8192
 CPUs: 16 total, 16 available
 Memory: 16088M
 Large Page Support: Disabled
 NUMA Support: Disabled
 Compressed Oops: Enabled (Zero based)
 Heap Region Size: 4M
 Heap Min Capacity: 8M
 Heap Initial Capacity: 252M
 Heap Max Capacity: 8G
 Pre-touch: Disabled
 Parallel Workers: 13
 Concurrent Workers: 3
 Concurrent Refinement Workers: 13
 Periodic GC: Disabled
Heap:
 garbage-first heap   total 118784K, used 48395K [0x0000000600000000, 0x0000000800000000)
  region size 4096K, 4 young (16384K), 2 survivors (8192K)
 Metaspace       used 54756K, committed 56576K, reserved 1114112K
  class space    used 7848K, committed 8704K, reserved 1048576K
GC Heap History (20 events):
Event: 3.000 GC heap before
{Heap before GC invocations=2 (full 0):
 garbage-first heap   total 258048K, used 60903K [0x0000000600000000, 0x0000000800000000)
  region size 4096K, 14 young (57344K), 2 survivors (8192K)
 Metaspace       used 6736K, committed 7040K, reserved 1114112K
  class space    used 889K, committed 1024K, reserved 1048576K
}
Event: 3.011 GC heap after
{Heap after GC invocations=3 (full 0):
 garbage-first heap   total 258048K, used 18243K [0x0000000600000000, 0x0000000800000000)
  region size 4096K, 2 young (8192K), 2 survivors (8192K)
 Metaspace       used 6736K, committed 7040K, reserved 1114112K
  class space    used 889K, committed 1024K, reserved 1048576K
}
Event: 5.912 GC heap before
{Heap before GC invocations=3 (full 0):
 garbage-first heap   total 258048K, used 96067K [0x0000000600000000, 0x0000000800000000)
  region size 4096K, 23 young (94208K), 2 survivors (8192K)
 Metaspace       used 20896K, committed 21504K, reserved 1114112K
  class space    used 3046K, committed 3328K, reserved 1048576K
}
Event: 5.922 GC heap after
{Heap after GC invocations=4 (full 0):
 garbage-first heap   total 258048K, used 23857K [0x0000000600000000, 0x0000000800000000)
  region size 4096K, 4 young (16384K), 4 survivors (16384K)
 Metaspace       used 20896K, committed 21504K, reserved 1114112K
  class space    used 3046K, committed 3328K, reserved 1048576K
}
Event: 7.952 GC heap before
{Heap before GC invocations=5 (full 0):
 garbage-first heap   total 98304K, used 93489K [0x0000000600000000, 0x0000000800000000)
  region size 4096K, 21 young (86016K), 4 survivors (16384K)
 Metaspace       used 30088K, committed 31104K, reserved 1114112K
  class space    used 4468K, committed 4928K, reserved 1048576K
}
Event: 7.969 GC heap after
{Heap after GC invocations=6 (full 0):
 garbage-first heap   total 118784K, used 30007K [0x0000000600000000, 0x0000000800000000)
  region size 4096K, 3 young (12288K), 3 survivors (12288K)
 Metaspace       used 30088K, committed 31104K, reserved 1114112K
  class space    used 4468K, committed 4928K, reserved 1048576K
}
Event: 8.551 GC heap before
{Heap before GC invocations=6 (full 0):
 garbage-first heap   total 118784K, used 50487K [0x0000000600000000, 0x0000000800000000)
  region size 4096K, 9 young (36864K), 3 survivors (12288K)
 Metaspace       used 34959K, committed 35968K, reserved 1114112K
  class space    used 4984K, committed 5504K, reserved 1048576K
}
Event: 8.562 GC heap after
{Heap after GC invocations=7 (full 0):
 garbage-first heap   total 118784K, used 32431K [0x0000000600000000, 0x0000000800000000)
  region size 4096K, 3 young (12288K), 3 survivors (12288K)
 Metaspace       used 34959K, committed 35968K, reserved 1114112K
  class space    used 4984K, committed 5504K, reserved 1048576K
}
Event: 8.607 GC heap before
{Heap before GC invocations=7 (full 0):
 garbage-first heap   total 118784K, used 32431K [0x0000000600000000, 0x0000000800000000)
  region size 4096K, 4 young (16384K), 3 survivors (12288K)
 Metaspace       used 35325K, committed 36288K, reserved 1114112K
  class space    used 5021K, committed 5504K, reserved 1048576K
}
Event: 8.614 GC heap after
{Heap after GC invocations=8 (full 0):
 garbage-first heap   total 118784K, used 34144K [0x0000000600000000, 0x0000000800000000)
  region size 4096K, 2 young (8192K), 2 survivors (8192K)
 Metaspace       used 35325K, committed 36288K, reserved 1114112K
  class space    used 5021K, committed 5504K, reserved 1048576K
}
Event: 9.738 GC heap before
{Heap before GC invocations=9 (full 0):
 garbage-first heap   total 118784K, used 79200K [0x0000000600000000, 0x0000000800000000)
  region size 4096K, 14 young (57344K), 2 survivors (8192K)
 Metaspace       used 38788K, committed 39936K, reserved 1114112K
  class space    used 5406K, committed 5952K, reserved 1048576K
}
Event: 9.746 GC heap after
{Heap after GC invocations=10 (full 0):
 garbage-first heap   total 118784K, used 37119K [0x0000000600000000, 0x0000000800000000)
  region size 4096K, 2 young (8192K), 2 survivors (8192K)
 Metaspace       used 38788K, committed 39936K, reserved 1114112K
  class space    used 5406K, committed 5952K, reserved 1048576K
}
Event: 10.481 GC heap before
{Heap before GC invocations=10 (full 0):
 garbage-first heap   total 118784K, used 82175K [0x0000000600000000, 0x0000000800000000)
  region size 4096K, 14 young (57344K), 2 survivors (8192K)
 Metaspace       used 42212K, committed 43520K, reserved 1114112K
  class space    used 5823K, committed 6464K, reserved 1048576K
}
Event: 10.490 GC heap after
{Heap after GC invocations=11 (full 0):
 garbage-first heap   total 118784K, used 38935K [0x0000000600000000, 0x0000000800000000)
  region size 4096K, 1 young (4096K), 1 survivors (4096K)
 Metaspace       used 42212K, committed 43520K, reserved 1114112K
  class space    used 5823K, committed 6464K, reserved 1048576K
}
Event: 11.499 GC heap before
{Heap before GC invocations=11 (full 0):
 garbage-first heap   total 118784K, used 92183K [0x0000000600000000, 0x0000000800000000)
  region size 4096K, 14 young (57344K), 1 survivors (4096K)
 Metaspace       used 46723K, committed 48448K, reserved 1114112K
  class space    used 6585K, committed 7424K, reserved 1048576K
}
Event: 11.504 GC heap after
{Heap after GC invocations=12 (full 0):
 garbage-first heap   total 118784K, used 40902K [0x0000000600000000, 0x0000000800000000)
  region size 4096K, 2 young (8192K), 2 survivors (8192K)
 Metaspace       used 46723K, committed 48448K, reserved 1114112K
  class space    used 6585K, committed 7424K, reserved 1048576K
}
Event: 14.368 GC heap before
{Heap before GC invocations=12 (full 0):
 garbage-first heap   total 118784K, used 94150K [0x0000000600000000, 0x0000000800000000)
  region size 4096K, 15 young (61440K), 2 survivors (8192K)
 Metaspace       used 50841K, committed 52608K, reserved 1114112K
  class space    used 7274K, committed 8128K, reserved 1048576K
}
Event: 14.374 GC heap after
{Heap after GC invocations=13 (full 0):
 garbage-first heap   total 118784K, used 44058K [0x0000000600000000, 0x0000000800000000)
  region size 4096K, 2 young (8192K), 2 survivors (8192K)
 Metaspace       used 50841K, committed 52608K, reserved 1114112K
  class space    used 7274K, committed 8128K, reserved 1048576K
}
Event: 15.637 GC heap before
{Heap before GC invocations=13 (full 0):
 garbage-first heap   total 118784K, used 93210K [0x0000000600000000, 0x0000000800000000)
  region size 4096K, 15 young (61440K), 2 survivors (8192K)
 Metaspace       used 54686K, committed 56512K, reserved 1114112K
  class space    used 7848K, committed 8704K, reserved 1048576K
}
Event: 15.646 GC heap after
{Heap after GC invocations=14 (full 0):
 garbage-first heap   total 118784K, used 48395K [0x0000000600000000, 0x0000000800000000)
  region size 4096K, 2 young (8192K), 2 survivors (8192K)
 Metaspace       used 54686K, committed 56512K, reserved 1114112K
  class space    used 7848K, committed 8704K, reserved 1048576K
}

